<?xml version="1.0" encoding="UTF-8"?>
<testng-results ignored="0" total="1" passed="1" failed="0" skipped="0">
  <reporter-output>
  </reporter-output>
  <suite started-at="2022-03-18T16:34:44Z" name="Default suite" finished-at="2022-03-18T16:35:15Z" duration-ms="31107">
    <groups>
    </groups>
    <test started-at="2022-03-18T16:34:44Z" name="Default test" finished-at="2022-03-18T16:35:15Z" duration-ms="31107">
      <class name="com.qa.Procure360.tests.SupplierInfoPageTest">
        <test-method is-config="true" signature="setUp()[pri:0, instance:com.qa.Procure360.tests.SupplierInfoPageTest@2421cc4]" started-at="2022-03-18T16:34:44Z" name="setUp" finished-at="2022-03-18T16:34:52Z" duration-ms="7550" status="PASS">
          <reporter-output>
          </reporter-output>
        </test-method> <!-- setUp -->
        <test-method is-config="true" signature="supplierinfoPageSetup()[pri:0, instance:com.qa.Procure360.tests.SupplierInfoPageTest@2421cc4]" started-at="2022-03-18T16:34:52Z" name="supplierinfoPageSetup" finished-at="2022-03-18T16:34:56Z" duration-ms="4276" status="PASS">
          <reporter-output>
          </reporter-output>
        </test-method> <!-- supplierinfoPageSetup -->
        <test-method signature="supplierInformationDetails()[pri:0, instance:com.qa.Procure360.tests.SupplierInfoPageTest@2421cc4]" started-at="2022-03-18T16:34:56Z" name="supplierInformationDetails" finished-at="2022-03-18T16:35:15Z" duration-ms="19249" status="PASS">
          <reporter-output>
          </reporter-output>
        </test-method> <!-- supplierInformationDetails -->
      </class> <!-- com.qa.Procure360.tests.SupplierInfoPageTest -->
    </test> <!-- Default test -->
  </suite> <!-- Default suite -->
</testng-results>
